Arguments: 
  /usr/bin/node /usr/share/yarn/bin/yarn.js add webpack-dev-server

PATH: 
  /home/ardatan/bin:/home/ardatan/.local/bin:/usr/local/sbin:/usr/local/bin:/usr/sbin:/usr/bin:/sbin:/bin:/usr/games:/usr/local/games:/mnt/c/ProgramData/Oracle/Java/javapath_target_44465500:/mnt/c/Windows/System32:/mnt/c/Windows:/mnt/c/Windows/System32/wbem:/mnt/c/Windows/System32/WindowsPowerShell/v1.0:/mnt/c/Program Files (x86)/NVIDIA Corporation/PhysX/Common:/mnt/c/Windows/System32:/mnt/c/Windows:/mnt/c/Windows/System32/wbem:/mnt/c/Windows/System32/WindowsPowerShell/v1.0:/mnt/c/ProgramData/chocolatey/bin:/mnt/c/Program Files (x86)/Yarn/bin:/mnt/c/Program Files/nodejs:/mnt/c/Program Files/Git/cmd:/mnt/c/Users/ardat_000/AppData/Local/Microsoft/WindowsApps:/mnt/c/Program Files (x86)/SSH Communications Security/SSH Secure Shell:/mnt/c/Users/ardat_000/AppData/Local/.meteor:/mnt/c/Users/ardat_000/AppData/Local/.meteor:/mnt/c/Program Files/Microsoft VS Code/bin:/mnt/c/Users/ardat_000/AppData/Local/Microsoft/WindowsApps:/mnt/c/Users/ardat_000/AppData/Local/Yarn/bin:/mnt/c/Users/ardat_000/AppData/Roaming/npm:/mnt/c/Users/ardat_000/AppData/Local/GitHubDesktop/bin:/snap/bin

Yarn version: 
  1.5.1

Node version: 
  8.9.4

Platform: 
  linux x64

npm manifest: 
  {
    "name": "webpack-meteor-boilerplate",
    "private": true,
    "scripts": {
      "start": "METEOR_PACKAGE_DIRS=\".meteor/local_packages\" MONGO_URL=\"mongodb://heroku_7prz6hp9:5dbdecdri6uuoh1fmf8r3be60d@ds157682.mlab.com:57682/heroku_7prz6hp9\" meteor run"
    },
    "dependencies": {
      "@babel/runtime": "^7.0.0-beta.36",
      "meteor-node-stubs": "^0.3.2"
    }
  }

yarn manifest: 
  No manifest

Lockfile: 
  No lockfile

Trace: 
  Error: Command failed.
  Exit code: 1
  Command: git
  Arguments: pull
  Directory: /home/ardatan/.cache/yarn/v1/.tmp/a71eb20c6f8366926c96610aa7b336f4
  Output:
  From https://github.com/meteor/readable-stream
   + d64a64a...c688cdd master     -> origin/master  (forced update)
   * [new branch]      no-core-util-is-v2.3.3 -> origin/no-core-util-is-v2.3.3
   * [new branch]      no-core-util-is-v2.3.5 -> origin/no-core-util-is-v2.3.5
  Auto-merging test/common/index.js
  CONFLICT (content): Merge conflict in test/common/index.js
  Auto-merging package.json
  Auto-merging lib/_stream_writable.js
  Auto-merging lib/_stream_transform.js
  CONFLICT (content): Merge conflict in lib/_stream_transform.js
  Auto-merging lib/_stream_readable.js
  CONFLICT (content): Merge conflict in lib/_stream_readable.js
  Auto-merging lib/_stream_duplex.js
  Auto-merging build/test-replacements.js
  Auto-merging build/files.js
  Automatic merge failed; fix conflicts and then commit the result.
      at ProcessTermError.MessageError (/usr/share/yarn/lib/cli.js:186:110)
      at new ProcessTermError (/usr/share/yarn/lib/cli.js:226:113)
      at ChildProcess.<anonymous> (/usr/share/yarn/lib/cli.js:30281:17)
      at emitTwo (events.js:126:13)
      at ChildProcess.emit (events.js:214:7)
      at maybeClose (internal/child_process.js:925:16)
      at Socket.stream.socket.on (internal/child_process.js:346:11)
      at emitOne (events.js:116:13)
      at Socket.emit (events.js:211:7)
      at Pipe._handle.close [as _onclose] (net.js:554:12)
